        -:    0:Source:../../app/midware/lin_manager/diag_sid/sid_0xb7.c
        -:    0:Graph:build/sid_0xb7.gcno
        -:    0:Data:build/sid_0xb7.gcda
        -:    0:Runs:16
        -:    1:/* PRQA S 0292 7 #3255 - Special characters in comments, no impact on code functionality */
        -:    2:/**
        -:    3: *****************************************************************************
        -:    4: * @brief   lin dianosticiii source file.
        -:    5: *
        -:    6: * @file    diagnosticiii.c
        -:    7: * @author  AE/FAE team
        -:    8: * @date    2024.01.01
        -:    9: *****************************************************************************
        -:   10: *
        -:   11: * THE PRESENT FIRMWARE WHICH IS FOR GUIDANCE ONLY AIMS AT PROVIDING CUSTOMERS
        -:   12: * WITH CODING INFORMATION REGARDING THEIR PRODUCTS IN ORDER FOR THEM TO SAVE
        -:   13: * TIME. AS A RESULT, TINYCHIP SHALL NOT BE HELD LIABLE FOR ANY
        -:   14: * DIRECT, INDIRECT OR CONSEQUENTIAL DAMAGES WITH RESPECT TO ANY CLAIMS ARISING
        -:   15: * FROM THE CONTENT OF SUCH FIRMWARE AND/OR THE USE MADE BY CUSTOMERS OF THE
        -:   16: * CODING INFORMATION CONTAINED HEREIN IN CONNECTION WITH THEIR PRODUCTS.
        -:   17: *
        -:   18: * <b>&copy; Copyright (c) 2024 Tinychip Microelectronics Co.,Ltd.</b>
        -:   19: *
        -:   20: *****************************************************************************
        -:   21: */
        -:   22:
        -:   23:#include "test_config.h"
        -:   24:#ifdef ENABLE_TEST_MODE
        -:   25:#include "fff_diagnosticIII.h"
        -:   26:#include "fff_lin_precfg.h"
        -:   27:#else
        -:   28:/* PRQA S 0380 1 #3256 - Macro count exceeds C99 limit, supported by compiler extension */
        -:   29:#include "diagnosticIII.h"
        -:   30:#include "lin_precfg.h"
        -:   31:#endif
        -:   32:
        -:   33:#if LIN_PROTOCOL == PROTOCOL_21
        -:   34:/********************************************************
        -:   35:** \brief   lin_diag_assign_frame_id_range
        -:   36:** \param   uint8_t*                    ptr
        -:   37:** \param   uint16_t                    length
        -:   38:** \retval  None
        -:   39:*********************************************************/
        -:   40:/* PRQA S 2889 2 #3257 - Multiple return statements for logical clarity and efficiency */
        -:   41:/* PRQA S 3673 1 #3259 - Pointer parameter design maintains API consistency, no impact on safety */
        5:   42:void lin_diag_assign_frame_id_range(uint8_t *ptr, uint16_t length)
        -:   43:{
        -:   44:    uint8_t start_index;
        -:   45:    uint8_t i, j;
        -:   46:    uint8_t fid;
        -:   47:
        5:   48:    if (length != 6u)
        -:   49:    {
        1:   50:        lin_diag_negative_notify(ptr[0], GENERAL_REJECT);
        1:   51:        return;
        -:   52:    }
        -:   53:
        4:   54:    start_index = ptr[1];
        -:   55:
        4:   56:    i = 5u;
        4:   57:    j = start_index + 4u;
        -:   58:/* PRQA S 3387 1 #3265 - Increment or decrement operation is safe with no unintended side effects */
       20:   59:    for (; j > start_index; j--)
        -:   60:    {
       16:   61:        if ((ptr[i] != 0xFFu) && (j > lin_cfg.lin_cfg_frame_num))
        -:   62:        {
    #####:   63:            return;
        -:   64:        }
       16:   65:	i--;
        -:   66:    }
        -:   67:
        -:   68:    /* Store PIDs */
        4:   69:    i = 2u; 
        4:   70:    j = start_index + 1u;
        -:   71:/* PRQA S 3387 1 #3265 - Increment or decrement operation is safe with no unintended side effects */
       16:   72:    for (; i < length; i++)
        -:   73:    {
       13:   74:        switch (ptr[i])
        -:   75:        {
        1:   76:            case 0x00:
        -:   77:                /* Unassign frame */
        1:   78:                lin_configuration_RAM[j] = 0xFF;
        1:   79:                break;
        -:   80:
       10:   81:            case 0xFF:
        -:   82:                /* keep the previous assigned value of this frame */
       10:   83:                break;
        -:   84:
        2:   85:            default:
        -:   86:                /* Calculate frame ID & Assign ID to frame */
        2:   87:                fid = lin_process_parity(ptr[i], CHECK_PARITY);
        2:   88:                if (0xFFu == fid)
        -:   89:                {
        1:   90:                    lin_diag_negative_notify(ptr[0], GENERAL_REJECT);
        1:   91:                    return;
        -:   92:                }
        -:   93:                else
        -:   94:                {
        1:   95:                    lin_configuration_RAM[j] = fid;
        -:   96:                }
        1:   97:                break;
        -:   98:        }
       12:   99:	j++;
        -:  100:    } /* End of for statement */
        -:  101:
        3:  102:    lin_diag_positive_notify(ptr[0], NULL, 0);
        -:  103:}
        -:  104:#endif
