        -:    0:Source:../../app/midware/lin_manager/diag_sid/sid_0xb2.c
        -:    0:Graph:build/sid_0xb2.gcno
        -:    0:Data:build/sid_0xb2.gcda
        -:    0:Runs:16
        -:    1:/* PRQA S 0292 7 #3255 - Special characters in comments, no impact on code functionality */
        -:    2:/**
        -:    3: *****************************************************************************
        -:    4: * @brief   lin dianosticiii source file.
        -:    5: *
        -:    6: * @file    diagnosticiii.c
        -:    7: * @author  AE/FAE team
        -:    8: * @date    2024.01.01
        -:    9: *****************************************************************************
        -:   10: *
        -:   11: * THE PRESENT FIRMWARE WHICH IS FOR GUIDANCE ONLY AIMS AT PROVIDING CUSTOMERS
        -:   12: * WITH CODING INFORMATION REGARDING THEIR PRODUCTS IN ORDER FOR THEM TO SAVE
        -:   13: * TIME. AS A RESULT, TINYCHIP SHALL NOT BE HELD LIABLE FOR ANY
        -:   14: * DIRECT, INDIRECT OR CONSEQUENTIAL DAMAGES WITH RESPECT TO ANY CLAIMS ARISING
        -:   15: * FROM THE CONTENT OF SUCH FIRMWARE AND/OR THE USE MADE BY CUSTOMERS OF THE
        -:   16: * CODING INFORMATION CONTAINED HEREIN IN CONNECTION WITH THEIR PRODUCTS.
        -:   17: *
        -:   18: * <b>&copy; Copyright (c) 2024 Tinychip Microelectronics Co.,Ltd.</b>
        -:   19: *
        -:   20: *****************************************************************************
        -:   21: */
        -:   22:
        -:   23:#include "test_config.h"
        -:   24:#ifdef ENABLE_TEST_MODE
        -:   25:#include "fff_diagnosticIII.h"
        -:   26:#include "fff_tc_log.h"
        -:   27:#else
        -:   28:/* PRQA S 0380 1 #3256 - Macro count exceeds C99 limit, supported by compiler extension */
        -:   29:#include "diagnosticIII.h"
        -:   30:#include "tc_log.h"
        -:   31:#endif
        -:   32:
        -:   33:/* PRQA S 1534 1 #3261 - Unused macro defined for future extension and configuration compatibility */
        -:   34:#define LOG_DIAG(...)  //do{log_debug("[DIAG_0xB2] " __VA_ARGS__);}while(0)
        -:   35:/* PRQA S 3218 1 #3209 - File scope static variable used in one function, intentional design */
        -:   36:static const char *TAG = "B2";
        -:   37:extern l_u8 ld_read_by_id_callout(l_u8 id, l_u8 *data);
        -:   38:
        -:   39:/********************************************************
        -:   40:** \brief   lin_diagservice_read_by_identifier
        -:   41:** \param   uint8_t*                    ptr
        -:   42:** \param   uint16_t                    length
        -:   43:** \retval  None
        -:   44:*********************************************************/
        -:   45:/* PRQA S 2071 2 #3269 - Language extension used for compiler and hardware optimization */
        -:   46:/* PRQA S 2889 1 #3257 - Multiple return statements for logical clarity and efficiency */
       10:   47:__WEAK void lin_diagservice_read_by_identifier(uint8_t *ptr, uint16_t length)
        -:   48:{
        -:   49:    (void)length;
        -:   50:    uint8_t id;
        -:   51:    uint16_t supid, fid;
        -:   52:
        -:   53:    /* Get supplier and function indentification in request */
       10:   54:    supid = ((uint16_t)ptr[3] << 8) | ptr[2];
       10:   55:    fid = ((uint16_t)ptr[5] << 8) | ptr[4];
        -:   56:    /* Check Supplier ID and Function ID */
        -:   57:
       10:   58:    if (((supid != (uint16_t)product_id.supplier_id) && (supid != (uint16_t)LD_ANY_SUPPLIER)) || \
        9:   59:        ((fid != (uint16_t)product_id.function_id) && (fid != (uint16_t)LD_ANY_FUNCTION)))
        -:   60:    {
        3:   61:        tl_slaveresp_cnt = 0;
        -:   62:#if (_TL_FRAME_SUPPORT_ == _TL_MULTI_FRAME_)
        3:   63:        tl_service_status = LD_SERVICE_IDLE;
        -:   64:#endif /* End (_TL_FRAME_SUPPORT_ = = _TL_MULTI_FRAME_) */
        -:   65:/* PRQA S 3432 3 #3267 - Macro arguments are safely used without unintended operator precedence issues */
        -:   66:/* PRQA S 2742 2 #2742 - The controlling expression is constant false by design (e.g., release log disabled). */
        -:   67:/* PRQA S 2880 1 #2880 - Code is unreachable due to constant false condition, which is intentional for log level control. */
        -:   68:        TC_LOGI(TAG, "no reply %x-%x\n", supid, fid);
        3:   69:        return;
        -:   70:    }
        -:   71:
        7:   72:    id = ptr[1];
        -:   73:
        7:   74:    switch (ptr[1])
        -:   75:    {
        1:   76:        case LIN_PRODUCT_IDENT:
        1:   77:            ptr[1] = (uint8_t)(product_id.supplier_id & 0xFFu);
        1:   78:            ptr[2] = (uint8_t)(product_id.supplier_id >> 8);
        1:   79:            ptr[3] = (uint8_t)(product_id.function_id & 0xFFu);
        1:   80:            ptr[4] = (uint8_t)(product_id.function_id >> 8);
        1:   81:            ptr[5] = product_id.variant;
        1:   82:            lin_diag_positive_notify(ptr[0], &ptr[1], 5);
        1:   83:            break;
        -:   84:
        1:   85:        case SERIAL_NUMBER:
        1:   86:            lin_diag_negative_notify(ptr[0], SUBFUNCTION_NOT_SUPPORTED);
        1:   87:            break;
        -:   88:
        5:   89:        default:
        5:   90:            if ((id >= (uint8_t)LIN_READ_USR_DEF_MIN) && (id <= (uint8_t)LIN_READ_USR_DEF_MAX))
        3:   91:            {
        3:   92:                uint8_t data_callout[5] = {0xFF, 0xFF, 0xFF, 0xFF, 0xFF};
        3:   93:                uint8_t data_len = 0;
        3:   94:                uint8_t retval = ld_read_by_id_callout(id, data_callout);
        -:   95:
        -:   96:                /*If the User ID is supported, make positive response*/
        3:   97:                if (retval == (uint8_t)LD_POSITIVE_RESPONSE)
        -:   98:                {
        7:   99:                    for (uint8_t i = 0; i < 5u; i++)
        -:  100:                    {
        6:  101:                        if (data_callout[i] != 0xFFu)
        -:  102:                        {
        5:  103:                            for (uint8_t j = 0; j < 5u; j ++)
        -:  104:                            {
        5:  105:                                if (data_callout[4u - j] != 0xFFu)
        -:  106:                                {
        1:  107:                                    data_len = 5u - j;
        1:  108:                                    break;
        -:  109:                                }
        -:  110:                            }
        -:  111:
        1:  112:                            lin_diag_positive_notify(ptr[0], &data_callout[0], data_len);
        1:  113:                            break;
        -:  114:                        }
        -:  115:
        -:  116:                        /* If all data_callout is 0xFF, then make negative response*/
        5:  117:                        if (i == 4u)
        -:  118:                        {
        -:  119:                            /* Make a negative slave response PDU */
        1:  120:                            lin_diag_negative_notify(ptr[0], SUBFUNCTION_NOT_SUPPORTED);
        -:  121:                        }
        -:  122:
        -:  123:                    }
        -:  124:                }
        1:  125:                else if (retval == (uint8_t)LD_NEGATIVE_RESPONSE)
        -:  126:                    /*If the User ID is not supported, make negative response*/
        -:  127:                {
        -:  128:                    /* Make a negative slave response PDU */
        1:  129:                    lin_diag_negative_notify(ptr[0], SUBFUNCTION_NOT_SUPPORTED);
        -:  130:                }
        -:  131:                else if (retval == (uint8_t)LD_ID_NO_RESPONSE)
        -:  132:                {
        -:  133:                    /*Do not answer*/
        -:  134:                }else{(void)0;}
        -:  135:            }
        -:  136:            else
        -:  137:            {
        -:  138:                /* Make a negative slave response PDU */
        2:  139:                lin_diag_negative_notify(ptr[0], SUBFUNCTION_NOT_SUPPORTED);
        -:  140:            }
        -:  141:
        5:  142:            break;
        -:  143:    } /* End of switch */
        -:  144:}
        -:  145:
